  Graph.cpp
C:\Users\rafxar\source\repos\Graph\Graph\Graph.cpp(180,13): warning C4244: '=': conversión de 'double' a 'int'; posible pérdida de datos
C:\Users\rafxar\source\repos\Graph\Graph\Graph.cpp(189,21): warning C4018: '<': no coinciden signed/unsigned
C:\Users\rafxar\source\repos\Graph\Graph\Graph.cpp(195,21): warning C4018: '<': no coinciden signed/unsigned
C:\Users\rafxar\source\repos\Graph\Graph\Graph.cpp(206,22): warning C4018: '<': no coinciden signed/unsigned
C:\Users\rafxar\source\repos\Graph\Graph\Graph.cpp(207,27): warning C4018: '<': no coinciden signed/unsigned
C:\Users\rafxar\source\repos\Graph\Graph\Graph.cpp(226,21): warning C4018: '<': no coinciden signed/unsigned
C:\Users\rafxar\source\repos\Graph\Graph\Graph.cpp(241,22): warning C4018: '<': no coinciden signed/unsigned
C:\Users\rafxar\source\repos\Graph\Graph\Graph.cpp(252,21): warning C4018: '<': no coinciden signed/unsigned
C:\Users\rafxar\source\repos\Graph\Graph\Graph.cpp(277,24): warning C4305: 'argumento': truncamiento de 'int' a 'char'
C:\Users\rafxar\source\repos\Graph\Graph\Graph.cpp(277,20): warning C4309: 'argumento': truncamiento de valor constante
C:\Users\rafxar\source\repos\Graph\Graph\Graph.cpp(278,24): warning C4305: 'argumento': truncamiento de 'int' a 'char'
C:\Users\rafxar\source\repos\Graph\Graph\Graph.cpp(278,20): warning C4309: 'argumento': truncamiento de valor constante
C:\Users\rafxar\source\repos\Graph\Graph\Graph.cpp(279,24): warning C4305: 'argumento': truncamiento de 'int' a 'char'
C:\Users\rafxar\source\repos\Graph\Graph\Graph.cpp(279,20): warning C4309: 'argumento': truncamiento de valor constante
C:\Users\rafxar\source\repos\Graph\Graph\Graph.cpp(280,24): warning C4305: 'argumento': truncamiento de 'int' a 'char'
C:\Users\rafxar\source\repos\Graph\Graph\Graph.cpp(280,20): warning C4309: 'argumento': truncamiento de valor constante
C:\Users\rafxar\source\repos\Graph\Graph\Graph.cpp(281,24): warning C4305: 'argumento': truncamiento de 'int' a 'char'
C:\Users\rafxar\source\repos\Graph\Graph\Graph.cpp(281,20): warning C4309: 'argumento': truncamiento de valor constante
C:\Users\rafxar\source\repos\Graph\Graph\Graph.cpp(282,24): warning C4305: 'argumento': truncamiento de 'int' a 'char'
C:\Users\rafxar\source\repos\Graph\Graph\Graph.cpp(282,20): warning C4309: 'argumento': truncamiento de valor constante
C:\Users\rafxar\source\repos\Graph\Graph\Graph.cpp(283,24): warning C4305: 'argumento': truncamiento de 'int' a 'char'
C:\Users\rafxar\source\repos\Graph\Graph\Graph.cpp(283,20): warning C4309: 'argumento': truncamiento de valor constante
C:\Users\rafxar\source\repos\Graph\Graph\Graph.cpp(284,24): warning C4305: 'argumento': truncamiento de 'int' a 'char'
C:\Users\rafxar\source\repos\Graph\Graph\Graph.cpp(284,20): warning C4309: 'argumento': truncamiento de valor constante
C:\Users\rafxar\source\repos\Graph\Graph\Graph.cpp(285,24): warning C4305: 'argumento': truncamiento de 'int' a 'char'
C:\Users\rafxar\source\repos\Graph\Graph\Graph.cpp(285,20): warning C4309: 'argumento': truncamiento de valor constante
C:\Users\rafxar\source\repos\Graph\Graph\Graph.cpp(286,24): warning C4305: 'argumento': truncamiento de 'int' a 'char'
C:\Users\rafxar\source\repos\Graph\Graph\Graph.cpp(286,20): warning C4309: 'argumento': truncamiento de valor constante
C:\Users\rafxar\source\repos\Graph\Graph\Graph.cpp(287,24): warning C4305: 'argumento': truncamiento de 'int' a 'char'
C:\Users\rafxar\source\repos\Graph\Graph\Graph.cpp(287,20): warning C4309: 'argumento': truncamiento de valor constante
C:\Users\rafxar\source\repos\Graph\Graph\Graph.cpp(296,37): warning C4305: 'argumento': truncamiento de 'int' a 'char'
C:\Users\rafxar\source\repos\Graph\Graph\Graph.cpp(296,27): warning C4309: 'argumento': truncamiento de valor constante
C:\Users\rafxar\source\repos\Graph\Graph\Graph.cpp(297,38): warning C4305: 'argumento': truncamiento de 'int' a 'char'
C:\Users\rafxar\source\repos\Graph\Graph\Graph.cpp(297,28): warning C4309: 'argumento': truncamiento de valor constante
C:\Users\rafxar\source\repos\Graph\Graph\Graph.cpp(297,22): warning C4309: 'argumento': truncamiento de valor constante
C:\Users\rafxar\source\repos\Graph\Graph\Graph.cpp(298,38): warning C4305: 'argumento': truncamiento de 'int' a 'char'
C:\Users\rafxar\source\repos\Graph\Graph\Graph.cpp(298,28): warning C4309: 'argumento': truncamiento de valor constante
C:\Users\rafxar\source\repos\Graph\Graph\Graph.cpp(298,22): warning C4309: 'argumento': truncamiento de valor constante
C:\Users\rafxar\source\repos\Graph\Graph\Graph.cpp(300,37): warning C4305: 'argumento': truncamiento de 'int' a 'char'
C:\Users\rafxar\source\repos\Graph\Graph\Graph.cpp(300,27): warning C4309: 'argumento': truncamiento de valor constante
C:\Users\rafxar\source\repos\Graph\Graph\Graph.cpp(301,37): warning C4305: 'argumento': truncamiento de 'int' a 'char'
C:\Users\rafxar\source\repos\Graph\Graph\Graph.cpp(301,22): warning C4309: 'argumento': truncamiento de valor constante
C:\Users\rafxar\source\repos\Graph\Graph\Graph.cpp(302,37): warning C4305: 'argumento': truncamiento de 'int' a 'char'
C:\Users\rafxar\source\repos\Graph\Graph\Graph.cpp(302,27): warning C4309: 'argumento': truncamiento de valor constante
C:\Users\rafxar\source\repos\Graph\Graph\Graph.cpp(303,38): warning C4305: 'argumento': truncamiento de 'int' a 'char'
C:\Users\rafxar\source\repos\Graph\Graph\Graph.cpp(303,28): warning C4309: 'argumento': truncamiento de valor constante
C:\Users\rafxar\source\repos\Graph\Graph\Graph.cpp(303,22): warning C4309: 'argumento': truncamiento de valor constante
C:\Users\rafxar\source\repos\Graph\Graph\Graph.cpp(304,38): warning C4305: 'argumento': truncamiento de 'int' a 'char'
C:\Users\rafxar\source\repos\Graph\Graph\Graph.cpp(304,28): warning C4309: 'argumento': truncamiento de valor constante
C:\Users\rafxar\source\repos\Graph\Graph\Graph.cpp(304,22): warning C4309: 'argumento': truncamiento de valor constante
C:\Users\rafxar\source\repos\Graph\Graph\Graph.cpp(305,38): warning C4305: 'argumento': truncamiento de 'int' a 'char'
C:\Users\rafxar\source\repos\Graph\Graph\Graph.cpp(305,28): warning C4309: 'argumento': truncamiento de valor constante
C:\Users\rafxar\source\repos\Graph\Graph\Graph.cpp(305,22): warning C4309: 'argumento': truncamiento de valor constante
C:\Users\rafxar\source\repos\Graph\Graph\Graph.cpp(306,38): warning C4305: 'argumento': truncamiento de 'int' a 'char'
C:\Users\rafxar\source\repos\Graph\Graph\Graph.cpp(306,28): warning C4309: 'argumento': truncamiento de valor constante
C:\Users\rafxar\source\repos\Graph\Graph\Graph.cpp(306,22): warning C4309: 'argumento': truncamiento de valor constante
C:\Users\rafxar\source\repos\Graph\Graph\Graph.cpp(307,38): warning C4305: 'argumento': truncamiento de 'int' a 'char'
C:\Users\rafxar\source\repos\Graph\Graph\Graph.cpp(307,28): warning C4309: 'argumento': truncamiento de valor constante
C:\Users\rafxar\source\repos\Graph\Graph\Graph.cpp(307,22): warning C4309: 'argumento': truncamiento de valor constante
C:\Users\rafxar\source\repos\Graph\Graph\Graph.cpp(310,37): warning C4305: 'argumento': truncamiento de 'int' a 'char'
C:\Users\rafxar\source\repos\Graph\Graph\Graph.cpp(310,27): warning C4309: 'argumento': truncamiento de valor constante
C:\Users\rafxar\source\repos\Graph\Graph\Graph.cpp(311,38): warning C4305: 'argumento': truncamiento de 'int' a 'char'
C:\Users\rafxar\source\repos\Graph\Graph\Graph.cpp(311,28): warning C4309: 'argumento': truncamiento de valor constante
C:\Users\rafxar\source\repos\Graph\Graph\Graph.cpp(311,22): warning C4309: 'argumento': truncamiento de valor constante
C:\Users\rafxar\source\repos\Graph\Graph\Graph.cpp(312,38): warning C4305: 'argumento': truncamiento de 'int' a 'char'
C:\Users\rafxar\source\repos\Graph\Graph\Graph.cpp(312,28): warning C4309: 'argumento': truncamiento de valor constante
C:\Users\rafxar\source\repos\Graph\Graph\Graph.cpp(312,22): warning C4309: 'argumento': truncamiento de valor constante
C:\Users\rafxar\source\repos\Graph\Graph\Graph.cpp(313,38): warning C4305: 'argumento': truncamiento de 'int' a 'char'
C:\Users\rafxar\source\repos\Graph\Graph\Graph.cpp(313,28): warning C4309: 'argumento': truncamiento de valor constante
C:\Users\rafxar\source\repos\Graph\Graph\Graph.cpp(313,22): warning C4309: 'argumento': truncamiento de valor constante
C:\Users\rafxar\source\repos\Graph\Graph\Graph.cpp(314,38): warning C4305: 'argumento': truncamiento de 'int' a 'char'
C:\Users\rafxar\source\repos\Graph\Graph\Graph.cpp(314,28): warning C4309: 'argumento': truncamiento de valor constante
C:\Users\rafxar\source\repos\Graph\Graph\Graph.cpp(314,22): warning C4309: 'argumento': truncamiento de valor constante
C:\Users\rafxar\source\repos\Graph\Graph\Graph.cpp(321,36): warning C4305: 'argumento': truncamiento de 'int' a 'char'
C:\Users\rafxar\source\repos\Graph\Graph\Graph.cpp(321,27): warning C4309: 'argumento': truncamiento de valor constante
C:\Users\rafxar\source\repos\Graph\Graph\Graph.cpp(322,37): warning C4305: 'argumento': truncamiento de 'int' a 'char'
C:\Users\rafxar\source\repos\Graph\Graph\Graph.cpp(322,28): warning C4309: 'argumento': truncamiento de valor constante
C:\Users\rafxar\source\repos\Graph\Graph\Graph.cpp(322,22): warning C4309: 'argumento': truncamiento de valor constante
C:\Users\rafxar\source\repos\Graph\Graph\Graph.cpp(323,38): warning C4305: 'argumento': truncamiento de 'int' a 'char'
C:\Users\rafxar\source\repos\Graph\Graph\Graph.cpp(323,28): warning C4309: 'argumento': truncamiento de valor constante
C:\Users\rafxar\source\repos\Graph\Graph\Graph.cpp(323,22): warning C4309: 'argumento': truncamiento de valor constante
C:\Users\rafxar\source\repos\Graph\Graph\Graph.cpp(325,37): warning C4305: 'argumento': truncamiento de 'int' a 'char'
C:\Users\rafxar\source\repos\Graph\Graph\Graph.cpp(325,27): warning C4309: 'argumento': truncamiento de valor constante
C:\Users\rafxar\source\repos\Graph\Graph\Graph.cpp(326,37): warning C4305: 'argumento': truncamiento de 'int' a 'char'
C:\Users\rafxar\source\repos\Graph\Graph\Graph.cpp(326,22): warning C4309: 'argumento': truncamiento de valor constante
C:\Users\rafxar\source\repos\Graph\Graph\Graph.cpp(327,37): warning C4305: 'argumento': truncamiento de 'int' a 'char'
C:\Users\rafxar\source\repos\Graph\Graph\Graph.cpp(327,27): warning C4309: 'argumento': truncamiento de valor constante
C:\Users\rafxar\source\repos\Graph\Graph\Graph.cpp(328,38): warning C4305: 'argumento': truncamiento de 'int' a 'char'
C:\Users\rafxar\source\repos\Graph\Graph\Graph.cpp(328,28): warning C4309: 'argumento': truncamiento de valor constante
C:\Users\rafxar\source\repos\Graph\Graph\Graph.cpp(328,22): warning C4309: 'argumento': truncamiento de valor constante
C:\Users\rafxar\source\repos\Graph\Graph\Graph.cpp(329,38): warning C4305: 'argumento': truncamiento de 'int' a 'char'
C:\Users\rafxar\source\repos\Graph\Graph\Graph.cpp(329,28): warning C4309: 'argumento': truncamiento de valor constante
C:\Users\rafxar\source\repos\Graph\Graph\Graph.cpp(329,22): warning C4309: 'argumento': truncamiento de valor constante
C:\Users\rafxar\source\repos\Graph\Graph\Graph.cpp(330,38): warning C4305: 'argumento': truncamiento de 'int' a 'char'
C:\Users\rafxar\source\repos\Graph\Graph\Graph.cpp(330,28): warning C4309: 'argumento': truncamiento de valor constante
C:\Users\rafxar\source\repos\Graph\Graph\Graph.cpp(330,22): warning C4309: 'argumento': truncamiento de valor constante
C:\Users\rafxar\source\repos\Graph\Graph\Graph.cpp(331,38): warning C4305: 'argumento': truncamiento de 'int' a 'char'
C:\Users\rafxar\source\repos\Graph\Graph\Graph.cpp(331,28): warning C4309: 'argumento': truncamiento de valor constante
C:\Users\rafxar\source\repos\Graph\Graph\Graph.cpp(331,22): warning C4309: 'argumento': truncamiento de valor constante
C:\Users\rafxar\source\repos\Graph\Graph\Graph.cpp(332,38): warning C4305: 'argumento': truncamiento de 'int' a 'char'
C:\Users\rafxar\source\repos\Graph\Graph\Graph.cpp(332,28): warning C4309: 'argumento': truncamiento de valor constante
C:\Users\rafxar\source\repos\Graph\Graph\Graph.cpp(332,22): warning C4309: 'argumento': truncamiento de valor constante
C:\Users\rafxar\source\repos\Graph\Graph\Graph.cpp(335,37): warning C4305: 'argumento': truncamiento de 'int' a 'char'
C:\Users\rafxar\source\repos\Graph\Graph\Graph.cpp(335,27): warning C4309: 'argumento': truncamiento de valor constante
C:\Users\rafxar\source\repos\Graph\Graph\Graph.cpp(336,38): warning C4305: 'argumento': truncamiento de 'int' a 'char'
C:\Users\rafxar\source\repos\Graph\Graph\Graph.cpp(336,28): warning C4309: 'argumento': truncamiento de valor constante
C:\Users\rafxar\source\repos\Graph\Graph\Graph.cpp(336,22): warning C4309: 'argumento': truncamiento de valor constante
C:\Users\rafxar\source\repos\Graph\Graph\Graph.cpp(337,38): warning C4305: 'argumento': truncamiento de 'int' a 'char'
C:\Users\rafxar\source\repos\Graph\Graph\Graph.cpp(337,28): warning C4309: 'argumento': truncamiento de valor constante
C:\Users\rafxar\source\repos\Graph\Graph\Graph.cpp(337,22): warning C4309: 'argumento': truncamiento de valor constante
C:\Users\rafxar\source\repos\Graph\Graph\Graph.cpp(338,38): warning C4305: 'argumento': truncamiento de 'int' a 'char'
C:\Users\rafxar\source\repos\Graph\Graph\Graph.cpp(338,28): warning C4309: 'argumento': truncamiento de valor constante
C:\Users\rafxar\source\repos\Graph\Graph\Graph.cpp(338,22): warning C4309: 'argumento': truncamiento de valor constante
C:\Users\rafxar\source\repos\Graph\Graph\Graph.cpp(339,38): warning C4305: 'argumento': truncamiento de 'int' a 'char'
C:\Users\rafxar\source\repos\Graph\Graph\Graph.cpp(339,28): warning C4309: 'argumento': truncamiento de valor constante
C:\Users\rafxar\source\repos\Graph\Graph\Graph.cpp(339,22): warning C4309: 'argumento': truncamiento de valor constante
C:\Users\rafxar\source\repos\Graph\Graph\Graph.cpp(46,2): warning C4018: '<': no coinciden signed/unsigned
C:\Users\rafxar\source\repos\Graph\Graph\Graph.cpp(44): message : al compilar la función del miembro clase plantilla "void Cam<Graf<char,int>>::imprimir(void)"
C:\Users\rafxar\source\repos\Graph\Graph\Graph.cpp(253): message : Vea la referencia a la creación de una instancia de la función plantilla "void Cam<Graf<char,int>>::imprimir(void)" que se está compilando
C:\Users\rafxar\source\repos\Graph\Graph\Graph.cpp(188): message : Vea la referencia a la creación de una instancia de clase plantilla "Cam<Graf<char,int>>" que se está compilando
C:\Users\rafxar\source\repos\Graph\Graph\Graph.cpp(144,2): warning C4018: '<': no coinciden signed/unsigned
C:\Users\rafxar\source\repos\Graph\Graph\Graph.cpp(143): message : al compilar la función del miembro clase plantilla "void Graf<char,int>::imprimir_nodos(void)"
C:\Users\rafxar\source\repos\Graph\Graph\Graph.cpp(289): message : Vea la referencia a la creación de una instancia de la función plantilla "void Graf<char,int>::imprimir_nodos(void)" que se está compilando
C:\Users\rafxar\source\repos\Graph\Graph\Graph.cpp(185): message : Vea la referencia a la creación de una instancia de clase plantilla "Graf<char,int>" que se está compilando
C:\Users\rafxar\source\repos\Graph\Graph\Graph.cpp(65,2): warning C4018: '<': no coinciden signed/unsigned
C:\Users\rafxar\source\repos\Graph\Graph\Graph.cpp(64): message : al compilar la función del miembro clase plantilla "bool Graf<char,int>::buscar_nodo(char,int &)"
C:\Users\rafxar\source\repos\Graph\Graph\Graph.cpp(238): message : Vea la referencia a la creación de una instancia de la función plantilla "bool Graf<char,int>::buscar_nodo(char,int &)" que se está compilando
C:\Users\rafxar\source\repos\Graph\Graph\Graph.cpp(83,2): warning C4018: '<': no coinciden signed/unsigned
C:\Users\rafxar\source\repos\Graph\Graph\Graph.cpp(82): message : al compilar la función del miembro clase plantilla "bool Graf<char,int>::search_arista(int,int)"
C:\Users\rafxar\source\repos\Graph\Graph\Graph.cpp(101): message : Vea la referencia a la creación de una instancia de la función plantilla "bool Graf<char,int>::search_arista(int,int)" que se está compilando
  Graph.vcxproj -> C:\Users\rafxar\source\repos\Graph\Debug\Graph.exe
